Using pre-set license
Built from '2021.3/staging' branch; Version is '2021.3.2f1 (d6360bedb9a0) revision 14038539'; Using compiler version '192829333'; Build Type 'Release'
OS: 'Windows 11  (10.0.22621) 64bit CoreSingleLanguage' Language: 'en' Physical Memory: 7893 MB
BatchMode: 1, IsHumanControllingUs: 0, StartBugReporterOnCrash: 0, Is64bit: 1, IsPro: 1

COMMAND LINE ARGUMENTS:
C:\Program Files\Unity\Hub\Editor\2021.3.2f1\Editor\Unity.exe
-adb2
-batchMode
-noUpm
-name
AssetImportWorker1
-projectPath
D:/Unity Project/UAS FPS GAME
-logFile
Logs/AssetImportWorker1.log
-srvPort
51976
Successfully changed project path to: D:/Unity Project/UAS FPS GAME
D:/Unity Project/UAS FPS GAME
[UnityMemory] Configuration Parameters - Can be set up in boot.config
    "memorysetup-bucket-allocator-granularity=16"
    "memorysetup-bucket-allocator-bucket-count=8"
    "memorysetup-bucket-allocator-block-size=33554432"
    "memorysetup-bucket-allocator-block-count=8"
    "memorysetup-main-allocator-block-size=16777216"
    "memorysetup-thread-allocator-block-size=16777216"
    "memorysetup-gfx-main-allocator-block-size=16777216"
    "memorysetup-gfx-thread-allocator-block-size=16777216"
    "memorysetup-cache-allocator-block-size=4194304"
    "memorysetup-typetree-allocator-block-size=2097152"
    "memorysetup-profiler-bucket-allocator-granularity=16"
    "memorysetup-profiler-bucket-allocator-bucket-count=8"
    "memorysetup-profiler-bucket-allocator-block-size=33554432"
    "memorysetup-profiler-bucket-allocator-block-count=8"
    "memorysetup-profiler-allocator-block-size=16777216"
    "memorysetup-profiler-editor-allocator-block-size=1048576"
    "memorysetup-temp-allocator-size-main=16777216"
    "memorysetup-job-temp-allocator-block-size=2097152"
    "memorysetup-job-temp-allocator-block-size-background=1048576"
    "memorysetup-job-temp-allocator-reduction-small-platforms=262144"
    "memorysetup-temp-allocator-size-background-worker=32768"
    "memorysetup-temp-allocator-size-job-worker=262144"
    "memorysetup-temp-allocator-size-preload-manager=33554432"
    "memorysetup-temp-allocator-size-nav-mesh-worker=65536"
    "memorysetup-temp-allocator-size-audio-worker=65536"
    "memorysetup-temp-allocator-size-cloud-worker=32768"
    "memorysetup-temp-allocator-size-gi-baking-worker=262144"
    "memorysetup-temp-allocator-size-gfx=262144"
Refreshing native plugins compatible for Editor in 88.60 ms, found 3 plugins.
Preloading 0 native plugins for Editor in 0.00 ms.
Initialize engine version: 2021.3.2f1 (d6360bedb9a0)
[Subsystems] Discovering subsystems at path C:/Program Files/Unity/Hub/Editor/2021.3.2f1/Editor/Data/Resources/UnitySubsystems
[Subsystems] Discovering subsystems at path D:/Unity Project/UAS FPS GAME/Assets
GfxDevice: creating device client; threaded=0; jobified=0
Direct3D:
    Version:  Direct3D 11.0 [level 11.1]
    Renderer: NVIDIA GeForce MX450 (ID=0x1f97)
    Vendor:   NVIDIA
    VRAM:     1928 MB
    Driver:   30.0.15.1277
Initialize mono
Mono path[0] = 'C:/Program Files/Unity/Hub/Editor/2021.3.2f1/Editor/Data/Managed'
Mono path[1] = 'C:/Program Files/Unity/Hub/Editor/2021.3.2f1/Editor/Data/MonoBleedingEdge/lib/mono/unityjit-win32'
Mono config path = 'C:/Program Files/Unity/Hub/Editor/2021.3.2f1/Editor/Data/MonoBleedingEdge/etc'
Using monoOptions --debugger-agent=transport=dt_socket,embedding=1,server=y,suspend=n,address=127.0.0.1:56488
Begin MonoManager ReloadAssembly
Registering precompiled unity dll's ...
Register platform support module: C:/Program Files/Unity/Hub/Editor/2021.3.2f1/Editor/Data/PlaybackEngines/AndroidPlayer/UnityEditor.Android.Extensions.dll
Register platform support module: C:/Program Files/Unity/Hub/Editor/2021.3.2f1/Editor/Data/PlaybackEngines/WindowsStandaloneSupport/UnityEditor.WindowsStandalone.Extensions.dll
Registered in 0.006053 seconds.
Native extension for WindowsStandalone target not found
Native extension for Android target not found
Refreshing native plugins compatible for Editor in 100.23 ms, found 3 plugins.
Preloading 0 native plugins for Editor in 0.00 ms.
Mono: successfully reloaded assembly
- Completed reload, in  0.852 seconds
Domain Reload Profiling:
	ReloadAssembly (853ms)
		BeginReloadAssembly (132ms)
			ExecutionOrderSort (0ms)
			DisableScriptedObjects (0ms)
			BackupInstance (0ms)
			ReleaseScriptingObjects (0ms)
			CreateAndSetChildDomain (1ms)
		EndReloadAssembly (608ms)
			LoadAssemblies (131ms)
			RebuildTransferFunctionScriptingTraits (0ms)
			SetupTypeCache (128ms)
			ReleaseScriptCaches (0ms)
			RebuildScriptCaches (35ms)
			SetupLoadedEditorAssemblies (385ms)
				LogAssemblyErrors (0ms)
				InitializePlatformSupportModulesInManaged (73ms)
				SetLoadedEditorAssemblies (0ms)
				RefreshPlugins (100ms)
				BeforeProcessingInitializeOnLoad (1ms)
				ProcessInitializeOnLoadAttributes (120ms)
				ProcessInitializeOnLoadMethodAttributes (89ms)
				AfterProcessingInitializeOnLoad (0ms)
				EditorAssembliesLoaded (0ms)
			ExecutionOrderSort2 (0ms)
			AwakeInstancesAfterBackupRestoration (0ms)
Platform modules already initialized, skipping
Registering precompiled user dll's ...
Registered in 0.009722 seconds.
Begin MonoManager ReloadAssembly
Symbol file LoadedFromMemory doesn't match image D:\Unity Project\UAS FPS GAME\Library\PackageCache\com.unity.visualscripting@1.7.6\Editor\VisualScripting.Core\Dependencies\YamlDotNet\Unity.VisualScripting.YamlDotNet.dll
Symbol file LoadedFromMemory doesn't match image D:\Unity Project\UAS FPS GAME\Library\PackageCache\com.unity.visualscripting@1.7.6\Editor\VisualScripting.Core\Dependencies\DotNetZip\Unity.VisualScripting.IonicZip.dll
Native extension for WindowsStandalone target not found
Native extension for Android target not found
Refreshing native plugins compatible for Editor in 1.23 ms, found 3 plugins.
Preloading 0 native plugins for Editor in 0.00 ms.
Mono: successfully reloaded assembly
- Completed reload, in  2.245 seconds
Domain Reload Profiling:
	ReloadAssembly (2248ms)
		BeginReloadAssembly (340ms)
			ExecutionOrderSort (0ms)
			DisableScriptedObjects (10ms)
			BackupInstance (0ms)
			ReleaseScriptingObjects (0ms)
			CreateAndSetChildDomain (149ms)
		EndReloadAssembly (1705ms)
			LoadAssemblies (211ms)
			RebuildTransferFunctionScriptingTraits (0ms)
			SetupTypeCache (594ms)
			ReleaseScriptCaches (1ms)
			RebuildScriptCaches (105ms)
			SetupLoadedEditorAssemblies (693ms)
				LogAssemblyErrors (0ms)
				InitializePlatformSupportModulesInManaged (32ms)
				SetLoadedEditorAssemblies (1ms)
				RefreshPlugins (1ms)
				BeforeProcessingInitializeOnLoad (172ms)
				ProcessInitializeOnLoadAttributes (416ms)
				ProcessInitializeOnLoadMethodAttributes (59ms)
				AfterProcessingInitializeOnLoad (11ms)
				EditorAssembliesLoaded (0ms)
			ExecutionOrderSort2 (0ms)
			AwakeInstancesAfterBackupRestoration (12ms)
Platform modules already initialized, skipping
========================================================================
Worker process is ready to serve import requests
Launched and connected shader compiler UnityShaderCompiler.exe after 0.12 seconds
Refreshing native plugins compatible for Editor in 1.43 ms, found 3 plugins.
Preloading 0 native plugins for Editor in 0.00 ms.
Unloading 3360 Unused Serialized files (Serialized files now loaded: 0)
Unloading 26 unused Assets / (112.5 KB). Loaded Objects now: 3819.
Memory consumption went from 115.7 MB to 115.6 MB.
Total: 6.139200 ms (FindLiveObjects: 0.771800 ms CreateObjectMapping: 0.360400 ms MarkObjects: 4.788800 ms  DeleteObjects: 0.214600 ms)

AssetImportParameters requested are different than current active one (requested -> active):
  custom:video-decoder-ogg-theora: a1e56fd34408186e4bbccfd4996cb3dc -> 
  custom:container-muxer-webm: aa71ff27fc2769a1b78a27578f13a17b -> 
  custom:container-demuxer-webm: 4f35f7cbe854078d1ac9338744f61a02 -> 
  custom:video-encoder-webm-vp8: eb34c28f22e8b96e1ab97ce403110664 -> 
  custom:audio-encoder-webm-vorbis: bf7c407c2cedff20999df2af8eb42d56 -> 
  custom:framework-win-MediaFoundation: 216162199b28c13a410421893ffa2e32 -> 
  custom:container-demuxer-ogg: 62fdf1f143b41e24485cea50d1cbac27 -> 
  custom:video-decoder-webm-vp8: 9c59270c3fd7afecdb556c50c9e8de78 -> 
  custom:audio-decoder-ogg-vorbis: bf7c407c2cedff20999df2af8eb42d56 -> 
========================================================================
Received Import Request.
  Time since last request: 327025.719090 seconds.
  path: Assets/AltonGames/nature/Scenes
  artifactKey: Guid(2403f8abddd129c4eb2aff6a892a0c3d) Importer(815301076,1909f56bfc062723c751e8b465ee728b)
Start importing Assets/AltonGames/nature/Scenes using Guid(2403f8abddd129c4eb2aff6a892a0c3d) Importer(815301076,1909f56bfc062723c751e8b465ee728b)  -> (artifact id: 'ffbf37ed77b2a628d96b919eca5e1acd') in 0.014008 seconds 
========================================================================
Received Import Request.
  Time since last request: 0.000036 seconds.
  path: Assets/AltonGames
  artifactKey: Guid(2c423deaefd2e4c44ae8441dd28c83cd) Importer(815301076,1909f56bfc062723c751e8b465ee728b)
Start importing Assets/AltonGames using Guid(2c423deaefd2e4c44ae8441dd28c83cd) Importer(815301076,1909f56bfc062723c751e8b465ee728b)  -> (artifact id: 'fa1a071c06a0e98f8909a6c0a78e3646') in 0.001868 seconds 
========================================================================
Received Prepare
Registering precompiled user dll's ...
Registered in 0.004739 seconds.
Begin MonoManager ReloadAssembly
Symbol file LoadedFromMemory doesn't match image D:\Unity Project\UAS FPS GAME\Library\PackageCache\com.unity.visualscripting@1.7.6\Editor\VisualScripting.Core\Dependencies\YamlDotNet\Unity.VisualScripting.YamlDotNet.dll
Symbol file LoadedFromMemory doesn't match image D:\Unity Project\UAS FPS GAME\Library\PackageCache\com.unity.visualscripting@1.7.6\Editor\VisualScripting.Core\Dependencies\DotNetZip\Unity.VisualScripting.IonicZip.dll
Native extension for WindowsStandalone target not found
Native extension for Android target not found
Refreshing native plugins compatible for Editor in 0.94 ms, found 3 plugins.
Preloading 0 native plugins for Editor in 0.00 ms.
Mono: successfully reloaded assembly
- Completed reload, in  2.520 seconds
Domain Reload Profiling:
	ReloadAssembly (2521ms)
		BeginReloadAssembly (242ms)
			ExecutionOrderSort (0ms)
			DisableScriptedObjects (12ms)
			BackupInstance (0ms)
			ReleaseScriptingObjects (0ms)
			CreateAndSetChildDomain (62ms)
		EndReloadAssembly (1993ms)
			LoadAssemblies (159ms)
			RebuildTransferFunctionScriptingTraits (1ms)
			SetupTypeCache (720ms)
			ReleaseScriptCaches (3ms)
			RebuildScriptCaches (115ms)
			SetupLoadedEditorAssemblies (857ms)
				LogAssemblyErrors (0ms)
				InitializePlatformSupportModulesInManaged (57ms)
				SetLoadedEditorAssemblies (1ms)
				RefreshPlugins (1ms)
				BeforeProcessingInitializeOnLoad (139ms)
				ProcessInitializeOnLoadAttributes (572ms)
				ProcessInitializeOnLoadMethodAttributes (73ms)
				AfterProcessingInitializeOnLoad (15ms)
				EditorAssembliesLoaded (1ms)
			ExecutionOrderSort2 (0ms)
			AwakeInstancesAfterBackupRestoration (12ms)
Platform modules already initialized, skipping
Refreshing native plugins compatible for Editor in 3.58 ms, found 3 plugins.
Preloading 0 native plugins for Editor in 0.00 ms.
Unloading 3355 Unused Serialized files (Serialized files now loaded: 0)
Unloading 19 unused Assets / (79.4 KB). Loaded Objects now: 3822.
Memory consumption went from 115.7 MB to 115.6 MB.
Total: 6.663400 ms (FindLiveObjects: 0.548700 ms CreateObjectMapping: 0.326500 ms MarkObjects: 5.644000 ms  DeleteObjects: 0.141200 ms)

AssetImportParameters requested are different than current active one (requested -> active):
  custom:video-decoder-ogg-theora: a1e56fd34408186e4bbccfd4996cb3dc -> 
  custom:container-muxer-webm: aa71ff27fc2769a1b78a27578f13a17b -> 
  custom:container-demuxer-webm: 4f35f7cbe854078d1ac9338744f61a02 -> 
  custom:video-encoder-webm-vp8: eb34c28f22e8b96e1ab97ce403110664 -> 
  custom:audio-encoder-webm-vorbis: bf7c407c2cedff20999df2af8eb42d56 -> 
  custom:framework-win-MediaFoundation: 216162199b28c13a410421893ffa2e32 -> 
  custom:container-demuxer-ogg: 62fdf1f143b41e24485cea50d1cbac27 -> 
  custom:video-decoder-webm-vp8: 9c59270c3fd7afecdb556c50c9e8de78 -> 
  custom:audio-decoder-ogg-vorbis: bf7c407c2cedff20999df2af8eb42d56 -> 
========================================================================
Received Import Request.
  Time since last request: 33.417541 seconds.
  path: Assets/AltonGames/nature/Meshes/grass.fbx
  artifactKey: Guid(f8641ee86707dec4a9f95f7e5e1d8b16) Importer(815301076,1909f56bfc062723c751e8b465ee728b)
Start importing Assets/AltonGames/nature/Meshes/grass.fbx using Guid(f8641ee86707dec4a9f95f7e5e1d8b16) Importer(815301076,1909f56bfc062723c751e8b465ee728b)  -> (artifact id: 'f9356d80ea6c7838c379a408ffe33830') in 0.686599 seconds 
========================================================================
Received Import Request.
  Time since last request: 0.000048 seconds.
  path: Assets/AltonGames/nature/Meshes/apple.fbx
  artifactKey: Guid(4c97d58a241e1f04e931f63a6de4611c) Importer(815301076,1909f56bfc062723c751e8b465ee728b)
Start importing Assets/AltonGames/nature/Meshes/apple.fbx using Guid(4c97d58a241e1f04e931f63a6de4611c) Importer(815301076,1909f56bfc062723c751e8b465ee728b)  -> (artifact id: '1a4c22f24bd92a323b465ec2d0dd1f4f') in 0.219357 seconds 
========================================================================
Received Import Request.
  Time since last request: 0.000051 seconds.
  path: Assets/AltonGames/nature/Meshes/tree1.fbx
  artifactKey: Guid(39e7322a0f79618489552ceb5a6f33b0) Importer(815301076,1909f56bfc062723c751e8b465ee728b)
Start importing Assets/AltonGames/nature/Meshes/tree1.fbx using Guid(39e7322a0f79618489552ceb5a6f33b0) Importer(815301076,1909f56bfc062723c751e8b465ee728b)  -> (artifact id: 'df885982343764c7a01e318fc910c6e8') in 0.202541 seconds 
========================================================================
Received Import Request.
  Time since last request: 0.000046 seconds.
  path: Assets/AltonGames/nature/Meshes/dandelion.fbx
  artifactKey: Guid(918d10694fb21de459f8a7ca4696fbf7) Importer(815301076,1909f56bfc062723c751e8b465ee728b)
Start importing Assets/AltonGames/nature/Meshes/dandelion.fbx using Guid(918d10694fb21de459f8a7ca4696fbf7) Importer(815301076,1909f56bfc062723c751e8b465ee728b)  -> (artifact id: '82ba25b2e552aaed8dffa596f2b0f6a5') in 0.072361 seconds 
========================================================================
Received Import Request.
  Time since last request: 0.000056 seconds.
  path: Assets/AltonGames/nature/Meshes/mushroom.fbx
  artifactKey: Guid(532a912a7d94be2419b85608d70cdd7f) Importer(815301076,1909f56bfc062723c751e8b465ee728b)
Start importing Assets/AltonGames/nature/Meshes/mushroom.fbx using Guid(532a912a7d94be2419b85608d70cdd7f) Importer(815301076,1909f56bfc062723c751e8b465ee728b)  -> (artifact id: '5089a1ceb2518f5a1d40c236758e66c0') in 0.064574 seconds 
========================================================================
Received Import Request.
  Time since last request: 0.000128 seconds.
  path: Assets/AltonGames/nature/Meshes/lucious tree.fbx
  artifactKey: Guid(9d6bb61d136628e47ad55374edc6c922) Importer(815301076,1909f56bfc062723c751e8b465ee728b)
Start importing Assets/AltonGames/nature/Meshes/lucious tree.fbx using Guid(9d6bb61d136628e47ad55374edc6c922) Importer(815301076,1909f56bfc062723c751e8b465ee728b)  -> (artifact id: '1424facbbb01849ad4b26a0243b6b207') in 0.182288 seconds 
========================================================================
Received Import Request.
  Time since last request: 23.569006 seconds.
  path: Assets/AltonGames/nature/materials/appletree 1.mat
  artifactKey: Guid(317e6bd2fbffafc41b37ed5b7b4b62a5) Importer(815301076,1909f56bfc062723c751e8b465ee728b)
Start importing Assets/AltonGames/nature/materials/appletree 1.mat using Guid(317e6bd2fbffafc41b37ed5b7b4b62a5) Importer(815301076,1909f56bfc062723c751e8b465ee728b)  -> (artifact id: '292d2df4bd4257276fea91ffb432b923') in 0.045783 seconds 
========================================================================
Received Import Request.
  Time since last request: 0.000024 seconds.
  path: Assets/AltonGames/nature/materials/dandellion.mat
  artifactKey: Guid(a1351c286fe5c7b44a092b5970ce27c9) Importer(815301076,1909f56bfc062723c751e8b465ee728b)
Start importing Assets/AltonGames/nature/materials/dandellion.mat using Guid(a1351c286fe5c7b44a092b5970ce27c9) Importer(815301076,1909f56bfc062723c751e8b465ee728b)  -> (artifact id: 'c076354b45d3ac9c8284b8aac0d6e7c3') in 0.046456 seconds 
========================================================================
Received Import Request.
  Time since last request: 0.000170 seconds.
  path: Assets/AltonGames/nature/materials/New Material.mat
  artifactKey: Guid(0ed04ddd9e9521a4ba65785c06cb3ce1) Importer(815301076,1909f56bfc062723c751e8b465ee728b)
Start importing Assets/AltonGames/nature/materials/New Material.mat using Guid(0ed04ddd9e9521a4ba65785c06cb3ce1) Importer(815301076,1909f56bfc062723c751e8b465ee728b)  -> (artifact id: 'be69dcdb74096df91660de0f6d0832e7') in 0.033135 seconds 
========================================================================
Received Import Request.
  Time since last request: 0.000044 seconds.
  path: Assets/AltonGames/nature/materials/trunk.mat
  artifactKey: Guid(f72fb64a5be845744a23857bc064c9d3) Importer(815301076,1909f56bfc062723c751e8b465ee728b)
Start importing Assets/AltonGames/nature/materials/trunk.mat using Guid(f72fb64a5be845744a23857bc064c9d3) Importer(815301076,1909f56bfc062723c751e8b465ee728b)  -> (artifact id: '9a3a01e218a9b588c93e7230fc546c43') in 0.045654 seconds 
========================================================================
Received Import Request.
  Time since last request: 0.000024 seconds.
  path: Assets/AltonGames/nature/materials/dandelionleaves.mat
  artifactKey: Guid(3d3ca2aaf075e7b4a8cab81211132934) Importer(815301076,1909f56bfc062723c751e8b465ee728b)
Start importing Assets/AltonGames/nature/materials/dandelionleaves.mat using Guid(3d3ca2aaf075e7b4a8cab81211132934) Importer(815301076,1909f56bfc062723c751e8b465ee728b)  -> (artifact id: 'ea84bed8b7e448c33f5efe1e3a31f4f2') in 0.037920 seconds 
========================================================================
Received Import Request.
  Time since last request: 0.000111 seconds.
  path: Assets/AltonGames/nature/materials/mapletrunk.mat
  artifactKey: Guid(29d197a04d141da4bb27a184b2772a25) Importer(815301076,1909f56bfc062723c751e8b465ee728b)
Start importing Assets/AltonGames/nature/materials/mapletrunk.mat using Guid(29d197a04d141da4bb27a184b2772a25) Importer(815301076,1909f56bfc062723c751e8b465ee728b)  -> (artifact id: '6aff7b68aa561455e1773266c9861a4b') in 0.028975 seconds 
========================================================================
Received Prepare
Registering precompiled user dll's ...
Registered in 0.004692 seconds.
Begin MonoManager ReloadAssembly
Symbol file LoadedFromMemory doesn't match image D:\Unity Project\UAS FPS GAME\Library\PackageCache\com.unity.visualscripting@1.7.6\Editor\VisualScripting.Core\Dependencies\YamlDotNet\Unity.VisualScripting.YamlDotNet.dll
Symbol file LoadedFromMemory doesn't match image D:\Unity Project\UAS FPS GAME\Library\PackageCache\com.unity.visualscripting@1.7.6\Editor\VisualScripting.Core\Dependencies\DotNetZip\Unity.VisualScripting.IonicZip.dll
Native extension for WindowsStandalone target not found
Native extension for Android target not found
Refreshing native plugins compatible for Editor in 1.07 ms, found 3 plugins.
Preloading 0 native plugins for Editor in 0.00 ms.
Mono: successfully reloaded assembly
- Completed reload, in  2.996 seconds
Domain Reload Profiling:
	ReloadAssembly (2998ms)
		BeginReloadAssembly (298ms)
			ExecutionOrderSort (0ms)
			DisableScriptedObjects (10ms)
			BackupInstance (0ms)
			ReleaseScriptingObjects (0ms)
			CreateAndSetChildDomain (93ms)
		EndReloadAssembly (2443ms)
			LoadAssemblies (177ms)
			RebuildTransferFunctionScriptingTraits (0ms)
			SetupTypeCache (880ms)
			ReleaseScriptCaches (3ms)
			RebuildScriptCaches (144ms)
			SetupLoadedEditorAssemblies (1025ms)
				LogAssemblyErrors (0ms)
				InitializePlatformSupportModulesInManaged (54ms)
				SetLoadedEditorAssemblies (1ms)
				RefreshPlugins (1ms)
				BeforeProcessingInitializeOnLoad (243ms)
				ProcessInitializeOnLoadAttributes (646ms)
				ProcessInitializeOnLoadMethodAttributes (69ms)
				AfterProcessingInitializeOnLoad (10ms)
				EditorAssembliesLoaded (0ms)
			ExecutionOrderSort2 (0ms)
			AwakeInstancesAfterBackupRestoration (12ms)
Platform modules already initialized, skipping
Refreshing native plugins compatible for Editor in 4.29 ms, found 3 plugins.
Preloading 0 native plugins for Editor in 0.00 ms.
Unloading 3355 Unused Serialized files (Serialized files now loaded: 0)
Unloading 19 unused Assets / (79.4 KB). Loaded Objects now: 3867.
Memory consumption went from 120.4 MB to 120.3 MB.
Total: 10.213900 ms (FindLiveObjects: 0.964600 ms CreateObjectMapping: 1.241000 ms MarkObjects: 7.807600 ms  DeleteObjects: 0.196000 ms)

AssetImportParameters requested are different than current active one (requested -> active):
  custom:video-decoder-ogg-theora: a1e56fd34408186e4bbccfd4996cb3dc -> 
  custom:container-muxer-webm: aa71ff27fc2769a1b78a27578f13a17b -> 
  custom:container-demuxer-webm: 4f35f7cbe854078d1ac9338744f61a02 -> 
  custom:video-encoder-webm-vp8: eb34c28f22e8b96e1ab97ce403110664 -> 
  custom:audio-encoder-webm-vorbis: bf7c407c2cedff20999df2af8eb42d56 -> 
  custom:framework-win-MediaFoundation: 216162199b28c13a410421893ffa2e32 -> 
  custom:container-demuxer-ogg: 62fdf1f143b41e24485cea50d1cbac27 -> 
  custom:video-decoder-webm-vp8: 9c59270c3fd7afecdb556c50c9e8de78 -> 
  custom:audio-decoder-ogg-vorbis: bf7c407c2cedff20999df2af8eb42d56 -> 
========================================================================
Received Import Request.
  Time since last request: 439.057198 seconds.
  path: Assets/AltonGames/nature/Textures/Atlas_Leaves_Autumn_Normal.png
  artifactKey: Guid(aa678d05436db7f4f95e964ba7ce6c6e) Importer(815301076,1909f56bfc062723c751e8b465ee728b)
Start importing Assets/AltonGames/nature/Textures/Atlas_Leaves_Autumn_Normal.png using Guid(aa678d05436db7f4f95e964ba7ce6c6e) Importer(815301076,1909f56bfc062723c751e8b465ee728b)  -> (artifact id: '782a9d2c6dd33d0c751ae1b70828d409') in 0.101872 seconds 
========================================================================
Received Import Request.
  Time since last request: 0.000048 seconds.
  path: Assets/AltonGames/nature/Textures/Atlas_Mushrooms_Diffuse.png
  artifactKey: Guid(ca778811e3fc75c4e9f3ef00cbbbf862) Importer(815301076,1909f56bfc062723c751e8b465ee728b)
Start importing Assets/AltonGames/nature/Textures/Atlas_Mushrooms_Diffuse.png using Guid(ca778811e3fc75c4e9f3ef00cbbbf862) Importer(815301076,1909f56bfc062723c751e8b465ee728b)  -> (artifact id: '76514a0770f81fb8f069cad1d640796d') in 0.022811 seconds 
========================================================================
Received Import Request.
  Time since last request: 0.000018 seconds.
  path: Assets/AltonGames/nature/Textures/Bark_Pinus-pinaster_Diffuse.png
  artifactKey: Guid(83d68702f9490c64b8447c05cc5732f7) Importer(815301076,1909f56bfc062723c751e8b465ee728b)
Start importing Assets/AltonGames/nature/Textures/Bark_Pinus-pinaster_Diffuse.png using Guid(83d68702f9490c64b8447c05cc5732f7) Importer(815301076,1909f56bfc062723c751e8b465ee728b)  -> (artifact id: '8fcfdfdde5b7c806ad9ddeec819bc048') in 0.030469 seconds 
========================================================================
Received Import Request.
  Time since last request: 0.000015 seconds.
  path: Assets/AltonGames/nature/Textures/Leaf_Abies-concolor_Diffuse.png
  artifactKey: Guid(6bbcd7d707b97934f9b1bc71573091c1) Importer(815301076,1909f56bfc062723c751e8b465ee728b)
Start importing Assets/AltonGames/nature/Textures/Leaf_Abies-concolor_Diffuse.png using Guid(6bbcd7d707b97934f9b1bc71573091c1) Importer(815301076,1909f56bfc062723c751e8b465ee728b)  -> (artifact id: 'a57fb35928407c708d7391a654849ead') in 0.020044 seconds 
========================================================================
Received Import Request.
  Time since last request: 0.000025 seconds.
  path: Assets/AltonGames/nature/Textures/Bark_Acer-pseudoplatanus_Normal.png
  artifactKey: Guid(e365b818e2c2b7b40b8f7a2648d1787a) Importer(815301076,1909f56bfc062723c751e8b465ee728b)
Start importing Assets/AltonGames/nature/Textures/Bark_Acer-pseudoplatanus_Normal.png using Guid(e365b818e2c2b7b40b8f7a2648d1787a) Importer(815301076,1909f56bfc062723c751e8b465ee728b)  -> (artifact id: '50a56e117f1d87a223208dbc3fba7cd9') in 0.024054 seconds 
========================================================================
Received Import Request.
  Time since last request: 0.000020 seconds.
  path: Assets/AltonGames/nature/Textures/Bark_Tilia-europaea_Diffuse.png
  artifactKey: Guid(674eaf425b980674facd303f7364ecfe) Importer(815301076,1909f56bfc062723c751e8b465ee728b)
Start importing Assets/AltonGames/nature/Textures/Bark_Tilia-europaea_Diffuse.png using Guid(674eaf425b980674facd303f7364ecfe) Importer(815301076,1909f56bfc062723c751e8b465ee728b)  -> (artifact id: '5ed17826f0abe4099cea2569e7f72643') in 0.019828 seconds 
========================================================================
Received Import Request.
  Time since last request: 0.000038 seconds.
  path: Assets/AltonGames/nature/Textures/Leaf_Malus-domestica_Diffuse.png
  artifactKey: Guid(f54708cf2cad3544ba4f63922ec8cb1a) Importer(815301076,1909f56bfc062723c751e8b465ee728b)
Start importing Assets/AltonGames/nature/Textures/Leaf_Malus-domestica_Diffuse.png using Guid(f54708cf2cad3544ba4f63922ec8cb1a) Importer(815301076,1909f56bfc062723c751e8b465ee728b)  -> (artifact id: 'f57b0d7923f2fcfb1d0395a43065665e') in 0.018666 seconds 
========================================================================
Received Import Request.
  Time since last request: 0.000023 seconds.
  path: Assets/AltonGames/nature/Textures/Bark_Abies-concolor_Normal.png
  artifactKey: Guid(41193632f307a214796905abce781218) Importer(815301076,1909f56bfc062723c751e8b465ee728b)
Start importing Assets/AltonGames/nature/Textures/Bark_Abies-concolor_Normal.png using Guid(41193632f307a214796905abce781218) Importer(815301076,1909f56bfc062723c751e8b465ee728b)  -> (artifact id: '55e92e409157f659fa89d2a7bcc7cf66') in 0.018313 seconds 
========================================================================
Received Import Request.
  Time since last request: 0.000044 seconds.
  path: Assets/AltonGames/nature/Textures/Leaf_Malus-domestica_Normal.png
  artifactKey: Guid(7d6dae1d16112ef47a05f291cf1358be) Importer(815301076,1909f56bfc062723c751e8b465ee728b)
Start importing Assets/AltonGames/nature/Textures/Leaf_Malus-domestica_Normal.png using Guid(7d6dae1d16112ef47a05f291cf1358be) Importer(815301076,1909f56bfc062723c751e8b465ee728b)  -> (artifact id: 'c187819bbcd73299156e9fb6bc50715f') in 0.017310 seconds 
========================================================================
Received Import Request.
  Time since last request: 0.000048 seconds.
  path: Assets/AltonGames/nature/Textures/Leaf_Robinia-pseudoacacia_Normal.png
  artifactKey: Guid(1e3076b3511e5dd43b980786ce24d5c3) Importer(815301076,1909f56bfc062723c751e8b465ee728b)
Start importing Assets/AltonGames/nature/Textures/Leaf_Robinia-pseudoacacia_Normal.png using Guid(1e3076b3511e5dd43b980786ce24d5c3) Importer(815301076,1909f56bfc062723c751e8b465ee728b)  -> (artifact id: 'bc097c53466a5e33631ec5a691c0cf64') in 0.012438 seconds 
========================================================================
Received Import Request.
  Time since last request: 0.000043 seconds.
  path: Assets/AltonGames/nature/Textures/Flower_Sunflower_Normal.png
  artifactKey: Guid(d7ca24b6f6195c6469ce2471bddcd7a8) Importer(815301076,1909f56bfc062723c751e8b465ee728b)
Start importing Assets/AltonGames/nature/Textures/Flower_Sunflower_Normal.png using Guid(d7ca24b6f6195c6469ce2471bddcd7a8) Importer(815301076,1909f56bfc062723c751e8b465ee728b)  -> (artifact id: '0453b5778ef5de52eb3cbeac6d0bf225') in 0.022696 seconds 
========================================================================
Received Import Request.
  Time since last request: 0.000024 seconds.
  path: Assets/AltonGames/nature/Textures/Leaf_Aesculus-hippocastanum_Normal.png
  artifactKey: Guid(dbe12b73eae9850489dc55cd441bd22a) Importer(815301076,1909f56bfc062723c751e8b465ee728b)
Start importing Assets/AltonGames/nature/Textures/Leaf_Aesculus-hippocastanum_Normal.png using Guid(dbe12b73eae9850489dc55cd441bd22a) Importer(815301076,1909f56bfc062723c751e8b465ee728b)  -> (artifact id: '6c849b47154eb1d4f62f90a77a596354') in 0.023269 seconds 
========================================================================
Received Import Request.
  Time since last request: 0.000036 seconds.
  path: Assets/AltonGames/nature/Textures/Bark_Malus-domestica_Normal.png
  artifactKey: Guid(05d8a824d78fb614d84dee84fd5682e6) Importer(815301076,1909f56bfc062723c751e8b465ee728b)
Start importing Assets/AltonGames/nature/Textures/Bark_Malus-domestica_Normal.png using Guid(05d8a824d78fb614d84dee84fd5682e6) Importer(815301076,1909f56bfc062723c751e8b465ee728b)  -> (artifact id: '8bb505c017ce5708c9c5cac22c3b8362') in 0.018116 seconds 
========================================================================
Received Import Request.
  Time since last request: 0.000116 seconds.
  path: Assets/AltonGames/nature/Textures/Wood_Spruce_Knots_Diffuse_mqt_2048.png
  artifactKey: Guid(67608c622cc826740b6037f6d6918cb8) Importer(815301076,1909f56bfc062723c751e8b465ee728b)
Start importing Assets/AltonGames/nature/Textures/Wood_Spruce_Knots_Diffuse_mqt_2048.png using Guid(67608c622cc826740b6037f6d6918cb8) Importer(815301076,1909f56bfc062723c751e8b465ee728b)  -> (artifact id: 'f7a76508a8427e6bbbffa46a4ebc17ad') in 0.018713 seconds 
========================================================================
Received Import Request.
  Time since last request: 0.000060 seconds.
  path: Assets/AltonGames/nature/Textures/Bark_Pinus-pinaster_Normal.png
  artifactKey: Guid(bcd79013c45545a49a90d4ea597a67dd) Importer(815301076,1909f56bfc062723c751e8b465ee728b)
Start importing Assets/AltonGames/nature/Textures/Bark_Pinus-pinaster_Normal.png using Guid(bcd79013c45545a49a90d4ea597a67dd) Importer(815301076,1909f56bfc062723c751e8b465ee728b)  -> (artifact id: '006a6ce4518f5a100bc5be550af1f783') in 0.024661 seconds 
========================================================================
Received Import Request.
  Time since last request: 0.000050 seconds.
  path: Assets/AltonGames/nature/Textures/Flowers_Normal.png
  artifactKey: Guid(3ef997586c287c340bfa85ec8573e662) Importer(815301076,1909f56bfc062723c751e8b465ee728b)
Start importing Assets/AltonGames/nature/Textures/Flowers_Normal.png using Guid(3ef997586c287c340bfa85ec8573e662) Importer(815301076,1909f56bfc062723c751e8b465ee728b)  -> (artifact id: '3e3c4326fe203f86e747e133371d55f1') in 0.021698 seconds 
========================================================================
Received Import Request.
  Time since last request: 15.040910 seconds.
  path: Assets/AltonGames/nature/Prefabs/Conifer.prefab
  artifactKey: Guid(7c8d59eac7ebabd48be7cfd4d7464eba) Importer(815301076,1909f56bfc062723c751e8b465ee728b)
Start importing Assets/AltonGames/nature/Prefabs/Conifer.prefab using Guid(7c8d59eac7ebabd48be7cfd4d7464eba) Importer(815301076,1909f56bfc062723c751e8b465ee728b)  -> (artifact id: '35991d7e2f268f5ecefc1ecb64a4408e') in 0.102632 seconds 
========================================================================
Received Import Request.
  Time since last request: 0.000047 seconds.
  path: Assets/AltonGames/nature/Prefabs/maple1.prefab
  artifactKey: Guid(19e255b40b9fe434b88eccbdabddbf51) Importer(815301076,1909f56bfc062723c751e8b465ee728b)
Start importing Assets/AltonGames/nature/Prefabs/maple1.prefab using Guid(19e255b40b9fe434b88eccbdabddbf51) Importer(815301076,1909f56bfc062723c751e8b465ee728b)  -> (artifact id: '4c618e72406e89b217c82a52a4529cca') in 0.088239 seconds 
========================================================================
Received Import Request.
  Time since last request: 0.000045 seconds.
  path: Assets/AltonGames/nature/Prefabs/dandelion.prefab
  artifactKey: Guid(8b886c699e17e914986393007192fa51) Importer(815301076,1909f56bfc062723c751e8b465ee728b)
Start importing Assets/AltonGames/nature/Prefabs/dandelion.prefab using Guid(8b886c699e17e914986393007192fa51) Importer(815301076,1909f56bfc062723c751e8b465ee728b)  -> (artifact id: '96a3b41c670ea34c81a6ff085770fd5c') in 0.040073 seconds 
========================================================================
Received Import Request.
  Time since last request: 0.000028 seconds.
  path: Assets/AltonGames/nature/Prefabs/mushroom.prefab
  artifactKey: Guid(882d1d38fa89fbf43bc669bd4794be7d) Importer(815301076,1909f56bfc062723c751e8b465ee728b)
Start importing Assets/AltonGames/nature/Prefabs/mushroom.prefab using Guid(882d1d38fa89fbf43bc669bd4794be7d) Importer(815301076,1909f56bfc062723c751e8b465ee728b)  -> (artifact id: 'b4463688a4b4f50adff6623f8fa321ae') in 0.035484 seconds 
========================================================================
Received Import Request.
  Time since last request: 0.000035 seconds.
  path: Assets/AltonGames/nature/Prefabs/grass 1.prefab
  artifactKey: Guid(50e9c460b2035714b9c3be0bbb493fbc) Importer(815301076,1909f56bfc062723c751e8b465ee728b)
Start importing Assets/AltonGames/nature/Prefabs/grass 1.prefab using Guid(50e9c460b2035714b9c3be0bbb493fbc) Importer(815301076,1909f56bfc062723c751e8b465ee728b)  -> (artifact id: 'ee90e09e9f609a821462be96fe79c4fe') in 0.015395 seconds 
========================================================================
Received Import Request.
  Time since last request: 46.894046 seconds.
  path: Assets/AltonGames/nature/materials/Weeds_Diffuse.mat
  artifactKey: Guid(222628c7d38bafd4ba1d25709a82f1a5) Importer(815301076,1909f56bfc062723c751e8b465ee728b)
Start importing Assets/AltonGames/nature/materials/Weeds_Diffuse.mat using Guid(222628c7d38bafd4ba1d25709a82f1a5) Importer(815301076,1909f56bfc062723c751e8b465ee728b)  -> (artifact id: 'c51a0e5dc9a08678c112874aaab857be') in 0.071401 seconds 
========================================================================
Received Import Request.
  Time since last request: 1.162241 seconds.
  path: Assets/AltonGames/nature/materials/Atlas_Mushrooms_Diffuse.mat
  artifactKey: Guid(85c144abf62d67a4aa1913d20f73950a) Importer(815301076,1909f56bfc062723c751e8b465ee728b)
Start importing Assets/AltonGames/nature/materials/Atlas_Mushrooms_Diffuse.mat using Guid(85c144abf62d67a4aa1913d20f73950a) Importer(815301076,1909f56bfc062723c751e8b465ee728b)  -> (artifact id: '61668cf963037c8d52e5daf6fd1e4a46') in 0.023083 seconds 
========================================================================
Received Import Request.
  Time since last request: 0.000026 seconds.
  path: Assets/AltonGames/nature/materials/Bark_Ivy_Assets_Diffuse.mat
  artifactKey: Guid(5e1d95a44561185498be78971bb38e31) Importer(815301076,1909f56bfc062723c751e8b465ee728b)
Start importing Assets/AltonGames/nature/materials/Bark_Ivy_Assets_Diffuse.mat using Guid(5e1d95a44561185498be78971bb38e31) Importer(815301076,1909f56bfc062723c751e8b465ee728b)  -> (artifact id: 'da194acf47b630c804a8dc4ad045d3ce') in 0.016514 seconds 
========================================================================
Received Import Request.
  Time since last request: 480.347613 seconds.
  path: Assets/Supercyan Free Forest Sample/Scenes/BrightDay/ReflectionProbe-0.exr
  artifactKey: Guid(e3bced12a72ad4348b849357056d7a70) Importer(815301076,1909f56bfc062723c751e8b465ee728b)
Start importing Assets/Supercyan Free Forest Sample/Scenes/BrightDay/ReflectionProbe-0.exr using Guid(e3bced12a72ad4348b849357056d7a70) Importer(815301076,1909f56bfc062723c751e8b465ee728b)  -> (artifact id: '0bd337784983072b45b03962b4e6abba') in 0.066326 seconds 
========================================================================
Received Import Request.
  Time since last request: 4.446959 seconds.
  path: Assets/Supercyan Free Forest Sample/Scenes/MoodyNight/ReflectionProbe-0.exr
  artifactKey: Guid(6db35459fed979449864b7408ce3c087) Importer(815301076,1909f56bfc062723c751e8b465ee728b)
Start importing Assets/Supercyan Free Forest Sample/Scenes/MoodyNight/ReflectionProbe-0.exr using Guid(6db35459fed979449864b7408ce3c087) Importer(815301076,1909f56bfc062723c751e8b465ee728b)  -> (artifact id: '25ecad2fc5b57f76aa5425e2880df2a0') in 0.026100 seconds 
========================================================================
Received Prepare
Registering precompiled user dll's ...
Registered in 0.002389 seconds.
Begin MonoManager ReloadAssembly
Symbol file LoadedFromMemory doesn't match image D:\Unity Project\UAS FPS GAME\Library\PackageCache\com.unity.visualscripting@1.7.6\Editor\VisualScripting.Core\Dependencies\YamlDotNet\Unity.VisualScripting.YamlDotNet.dll
Symbol file LoadedFromMemory doesn't match image D:\Unity Project\UAS FPS GAME\Library\PackageCache\com.unity.visualscripting@1.7.6\Editor\VisualScripting.Core\Dependencies\DotNetZip\Unity.VisualScripting.IonicZip.dll
Native extension for WindowsStandalone target not found
Native extension for Android target not found
Refreshing native plugins compatible for Editor in 1.22 ms, found 3 plugins.
Preloading 0 native plugins for Editor in 0.00 ms.
Mono: successfully reloaded assembly
- Completed reload, in  1.480 seconds
Domain Reload Profiling:
	ReloadAssembly (1481ms)
		BeginReloadAssembly (219ms)
			ExecutionOrderSort (0ms)
			DisableScriptedObjects (7ms)
			BackupInstance (0ms)
			ReleaseScriptingObjects (0ms)
			CreateAndSetChildDomain (75ms)
		EndReloadAssembly (1122ms)
			LoadAssemblies (119ms)
			RebuildTransferFunctionScriptingTraits (0ms)
			SetupTypeCache (425ms)
			ReleaseScriptCaches (3ms)
			RebuildScriptCaches (63ms)
			SetupLoadedEditorAssemblies (460ms)
				LogAssemblyErrors (0ms)
				InitializePlatformSupportModulesInManaged (31ms)
				SetLoadedEditorAssemblies (1ms)
				RefreshPlugins (1ms)
				BeforeProcessingInitializeOnLoad (89ms)
				ProcessInitializeOnLoadAttributes (290ms)
				ProcessInitializeOnLoadMethodAttributes (41ms)
				AfterProcessingInitializeOnLoad (7ms)
				EditorAssembliesLoaded (0ms)
			ExecutionOrderSort2 (0ms)
			AwakeInstancesAfterBackupRestoration (9ms)
Platform modules already initialized, skipping
Refreshing native plugins compatible for Editor in 3.40 ms, found 3 plugins.
Preloading 0 native plugins for Editor in 0.00 ms.
Unloading 3358 Unused Serialized files (Serialized files now loaded: 0)
Unloading 21 unused Assets / (0.8 MB). Loaded Objects now: 3878.
Memory consumption went from 122.0 MB to 121.2 MB.
Total: 5.340000 ms (FindLiveObjects: 0.429700 ms CreateObjectMapping: 0.120900 ms MarkObjects: 4.441100 ms  DeleteObjects: 0.346200 ms)

AssetImportParameters requested are different than current active one (requested -> active):
  custom:video-decoder-ogg-theora: a1e56fd34408186e4bbccfd4996cb3dc -> 
  custom:container-muxer-webm: aa71ff27fc2769a1b78a27578f13a17b -> 
  custom:container-demuxer-webm: 4f35f7cbe854078d1ac9338744f61a02 -> 
  custom:video-encoder-webm-vp8: eb34c28f22e8b96e1ab97ce403110664 -> 
  custom:audio-encoder-webm-vorbis: bf7c407c2cedff20999df2af8eb42d56 -> 
  custom:framework-win-MediaFoundation: 216162199b28c13a410421893ffa2e32 -> 
  custom:container-demuxer-ogg: 62fdf1f143b41e24485cea50d1cbac27 -> 
  custom:video-decoder-webm-vp8: 9c59270c3fd7afecdb556c50c9e8de78 -> 
  custom:audio-decoder-ogg-vorbis: bf7c407c2cedff20999df2af8eb42d56 -> 
========================================================================
Received Import Request.
  Time since last request: 131.209189 seconds.
  path: Assets/Supercyan Free Forest Sample/Materials/High Quality/Tree/forestpack_tree_leaf.mat
  artifactKey: Guid(f31ee666b2527344e91520ba278c9869) Importer(815301076,1909f56bfc062723c751e8b465ee728b)
Start importing Assets/Supercyan Free Forest Sample/Materials/High Quality/Tree/forestpack_tree_leaf.mat using Guid(f31ee666b2527344e91520ba278c9869) Importer(815301076,1909f56bfc062723c751e8b465ee728b)  -> (artifact id: '78d88a902dbc73d4b115c3ed2e7e4093') in 0.213843 seconds 
