Using pre-set license
Built from '2021.3/staging' branch; Version is '2021.3.2f1 (d6360bedb9a0) revision 14038539'; Using compiler version '192829333'; Build Type 'Release'
OS: 'Windows 11  (10.0.22621) 64bit CoreSingleLanguage' Language: 'en' Physical Memory: 7893 MB
BatchMode: 1, IsHumanControllingUs: 0, StartBugReporterOnCrash: 0, Is64bit: 1, IsPro: 1

COMMAND LINE ARGUMENTS:
C:\Program Files\Unity\Hub\Editor\2021.3.2f1\Editor\Unity.exe
-adb2
-batchMode
-noUpm
-name
AssetImportWorker0
-projectPath
D:/Unity Project/UAS FPS GAME
-logFile
Logs/AssetImportWorker0.log
-srvPort
51976
Successfully changed project path to: D:/Unity Project/UAS FPS GAME
D:/Unity Project/UAS FPS GAME
[UnityMemory] Configuration Parameters - Can be set up in boot.config
    "memorysetup-bucket-allocator-granularity=16"
    "memorysetup-bucket-allocator-bucket-count=8"
    "memorysetup-bucket-allocator-block-size=33554432"
    "memorysetup-bucket-allocator-block-count=8"
    "memorysetup-main-allocator-block-size=16777216"
    "memorysetup-thread-allocator-block-size=16777216"
    "memorysetup-gfx-main-allocator-block-size=16777216"
    "memorysetup-gfx-thread-allocator-block-size=16777216"
    "memorysetup-cache-allocator-block-size=4194304"
    "memorysetup-typetree-allocator-block-size=2097152"
    "memorysetup-profiler-bucket-allocator-granularity=16"
    "memorysetup-profiler-bucket-allocator-bucket-count=8"
    "memorysetup-profiler-bucket-allocator-block-size=33554432"
    "memorysetup-profiler-bucket-allocator-block-count=8"
    "memorysetup-profiler-allocator-block-size=16777216"
    "memorysetup-profiler-editor-allocator-block-size=1048576"
    "memorysetup-temp-allocator-size-main=16777216"
    "memorysetup-job-temp-allocator-block-size=2097152"
    "memorysetup-job-temp-allocator-block-size-background=1048576"
    "memorysetup-job-temp-allocator-reduction-small-platforms=262144"
    "memorysetup-temp-allocator-size-background-worker=32768"
    "memorysetup-temp-allocator-size-job-worker=262144"
    "memorysetup-temp-allocator-size-preload-manager=33554432"
    "memorysetup-temp-allocator-size-nav-mesh-worker=65536"
    "memorysetup-temp-allocator-size-audio-worker=65536"
    "memorysetup-temp-allocator-size-cloud-worker=32768"
    "memorysetup-temp-allocator-size-gi-baking-worker=262144"
    "memorysetup-temp-allocator-size-gfx=262144"
Refreshing native plugins compatible for Editor in 89.11 ms, found 3 plugins.
Preloading 0 native plugins for Editor in 0.00 ms.
Initialize engine version: 2021.3.2f1 (d6360bedb9a0)
[Subsystems] Discovering subsystems at path C:/Program Files/Unity/Hub/Editor/2021.3.2f1/Editor/Data/Resources/UnitySubsystems
[Subsystems] Discovering subsystems at path D:/Unity Project/UAS FPS GAME/Assets
GfxDevice: creating device client; threaded=0; jobified=0
Direct3D:
    Version:  Direct3D 11.0 [level 11.1]
    Renderer: NVIDIA GeForce MX450 (ID=0x1f97)
    Vendor:   NVIDIA
    VRAM:     1928 MB
    Driver:   30.0.15.1277
Initialize mono
Mono path[0] = 'C:/Program Files/Unity/Hub/Editor/2021.3.2f1/Editor/Data/Managed'
Mono path[1] = 'C:/Program Files/Unity/Hub/Editor/2021.3.2f1/Editor/Data/MonoBleedingEdge/lib/mono/unityjit-win32'
Mono config path = 'C:/Program Files/Unity/Hub/Editor/2021.3.2f1/Editor/Data/MonoBleedingEdge/etc'
Using monoOptions --debugger-agent=transport=dt_socket,embedding=1,server=y,suspend=n,address=127.0.0.1:56576
Begin MonoManager ReloadAssembly
Registering precompiled unity dll's ...
Register platform support module: C:/Program Files/Unity/Hub/Editor/2021.3.2f1/Editor/Data/PlaybackEngines/AndroidPlayer/UnityEditor.Android.Extensions.dll
Register platform support module: C:/Program Files/Unity/Hub/Editor/2021.3.2f1/Editor/Data/PlaybackEngines/WindowsStandaloneSupport/UnityEditor.WindowsStandalone.Extensions.dll
Registered in 0.005206 seconds.
Native extension for WindowsStandalone target not found
Native extension for Android target not found
Refreshing native plugins compatible for Editor in 97.09 ms, found 3 plugins.
Preloading 0 native plugins for Editor in 0.00 ms.
Mono: successfully reloaded assembly
- Completed reload, in  0.823 seconds
Domain Reload Profiling:
	ReloadAssembly (824ms)
		BeginReloadAssembly (102ms)
			ExecutionOrderSort (0ms)
			DisableScriptedObjects (0ms)
			BackupInstance (0ms)
			ReleaseScriptingObjects (0ms)
			CreateAndSetChildDomain (1ms)
		EndReloadAssembly (608ms)
			LoadAssemblies (100ms)
			RebuildTransferFunctionScriptingTraits (0ms)
			SetupTypeCache (131ms)
			ReleaseScriptCaches (0ms)
			RebuildScriptCaches (38ms)
			SetupLoadedEditorAssemblies (379ms)
				LogAssemblyErrors (0ms)
				InitializePlatformSupportModulesInManaged (75ms)
				SetLoadedEditorAssemblies (0ms)
				RefreshPlugins (97ms)
				BeforeProcessingInitializeOnLoad (1ms)
				ProcessInitializeOnLoadAttributes (120ms)
				ProcessInitializeOnLoadMethodAttributes (84ms)
				AfterProcessingInitializeOnLoad (0ms)
				EditorAssembliesLoaded (0ms)
			ExecutionOrderSort2 (0ms)
			AwakeInstancesAfterBackupRestoration (0ms)
Platform modules already initialized, skipping
Registering precompiled user dll's ...
Registered in 0.009239 seconds.
Begin MonoManager ReloadAssembly
Symbol file LoadedFromMemory doesn't match image D:\Unity Project\UAS FPS GAME\Library\PackageCache\com.unity.visualscripting@1.7.6\Editor\VisualScripting.Core\Dependencies\YamlDotNet\Unity.VisualScripting.YamlDotNet.dll
Symbol file LoadedFromMemory doesn't match image D:\Unity Project\UAS FPS GAME\Library\PackageCache\com.unity.visualscripting@1.7.6\Editor\VisualScripting.Core\Dependencies\DotNetZip\Unity.VisualScripting.IonicZip.dll
Native extension for WindowsStandalone target not found
Native extension for Android target not found
Refreshing native plugins compatible for Editor in 1.36 ms, found 3 plugins.
Preloading 0 native plugins for Editor in 0.00 ms.
Mono: successfully reloaded assembly
- Completed reload, in  2.244 seconds
Domain Reload Profiling:
	ReloadAssembly (2247ms)
		BeginReloadAssembly (339ms)
			ExecutionOrderSort (0ms)
			DisableScriptedObjects (12ms)
			BackupInstance (0ms)
			ReleaseScriptingObjects (0ms)
			CreateAndSetChildDomain (152ms)
		EndReloadAssembly (1700ms)
			LoadAssemblies (208ms)
			RebuildTransferFunctionScriptingTraits (0ms)
			SetupTypeCache (573ms)
			ReleaseScriptCaches (1ms)
			RebuildScriptCaches (103ms)
			SetupLoadedEditorAssemblies (709ms)
				LogAssemblyErrors (0ms)
				InitializePlatformSupportModulesInManaged (31ms)
				SetLoadedEditorAssemblies (2ms)
				RefreshPlugins (2ms)
				BeforeProcessingInitializeOnLoad (177ms)
				ProcessInitializeOnLoadAttributes (420ms)
				ProcessInitializeOnLoadMethodAttributes (68ms)
				AfterProcessingInitializeOnLoad (9ms)
				EditorAssembliesLoaded (0ms)
			ExecutionOrderSort2 (0ms)
			AwakeInstancesAfterBackupRestoration (13ms)
Platform modules already initialized, skipping
========================================================================
Worker process is ready to serve import requests
Launched and connected shader compiler UnityShaderCompiler.exe after 0.11 seconds
Refreshing native plugins compatible for Editor in 1.45 ms, found 3 plugins.
Preloading 0 native plugins for Editor in 0.00 ms.
Unloading 3360 Unused Serialized files (Serialized files now loaded: 0)
Unloading 26 unused Assets / (112.5 KB). Loaded Objects now: 3819.
Memory consumption went from 115.7 MB to 115.6 MB.
Total: 7.916800 ms (FindLiveObjects: 0.676900 ms CreateObjectMapping: 0.640100 ms MarkObjects: 6.194400 ms  DeleteObjects: 0.401500 ms)

AssetImportParameters requested are different than current active one (requested -> active):
  custom:video-decoder-ogg-theora: a1e56fd34408186e4bbccfd4996cb3dc -> 
  custom:container-muxer-webm: aa71ff27fc2769a1b78a27578f13a17b -> 
  custom:container-demuxer-webm: 4f35f7cbe854078d1ac9338744f61a02 -> 
  custom:video-encoder-webm-vp8: eb34c28f22e8b96e1ab97ce403110664 -> 
  custom:audio-encoder-webm-vorbis: bf7c407c2cedff20999df2af8eb42d56 -> 
  custom:framework-win-MediaFoundation: 216162199b28c13a410421893ffa2e32 -> 
  custom:container-demuxer-ogg: 62fdf1f143b41e24485cea50d1cbac27 -> 
  custom:video-decoder-webm-vp8: 9c59270c3fd7afecdb556c50c9e8de78 -> 
  custom:audio-decoder-ogg-vorbis: bf7c407c2cedff20999df2af8eb42d56 -> 
========================================================================
Received Import Request.
  Time since last request: 327025.720388 seconds.
  path: Assets/AltonGames/nature
  artifactKey: Guid(5efd3b2ec0c9287469e0fb27530a4508) Importer(815301076,1909f56bfc062723c751e8b465ee728b)
Start importing Assets/AltonGames/nature using Guid(5efd3b2ec0c9287469e0fb27530a4508) Importer(815301076,1909f56bfc062723c751e8b465ee728b)  -> (artifact id: 'fea2c16dd94851f587d61ecad0f3173b') in 0.014024 seconds 
========================================================================
Received Import Request.
  Time since last request: 9.480850 seconds.
  path: Assets/AltonGames/nature/Scenes/DEMO.unity
  artifactKey: Guid(b8b016a09e75a594fa039e3f95b4398d) Importer(815301076,1909f56bfc062723c751e8b465ee728b)
Start importing Assets/AltonGames/nature/Scenes/DEMO.unity using Guid(b8b016a09e75a594fa039e3f95b4398d) Importer(815301076,1909f56bfc062723c751e8b465ee728b)  -> (artifact id: '14ad90d07cb6f76b1b55d9ff8585f9b2') in 0.001048 seconds 
========================================================================
Received Prepare
Registering precompiled user dll's ...
Registered in 0.005011 seconds.
Begin MonoManager ReloadAssembly
Symbol file LoadedFromMemory doesn't match image D:\Unity Project\UAS FPS GAME\Library\PackageCache\com.unity.visualscripting@1.7.6\Editor\VisualScripting.Core\Dependencies\YamlDotNet\Unity.VisualScripting.YamlDotNet.dll
Symbol file LoadedFromMemory doesn't match image D:\Unity Project\UAS FPS GAME\Library\PackageCache\com.unity.visualscripting@1.7.6\Editor\VisualScripting.Core\Dependencies\DotNetZip\Unity.VisualScripting.IonicZip.dll
Native extension for WindowsStandalone target not found
Native extension for Android target not found
Refreshing native plugins compatible for Editor in 0.84 ms, found 3 plugins.
Preloading 0 native plugins for Editor in 0.00 ms.
Mono: successfully reloaded assembly
- Completed reload, in  2.532 seconds
Domain Reload Profiling:
	ReloadAssembly (2534ms)
		BeginReloadAssembly (228ms)
			ExecutionOrderSort (0ms)
			DisableScriptedObjects (8ms)
			BackupInstance (0ms)
			ReleaseScriptingObjects (0ms)
			CreateAndSetChildDomain (61ms)
		EndReloadAssembly (2018ms)
			LoadAssemblies (161ms)
			RebuildTransferFunctionScriptingTraits (1ms)
			SetupTypeCache (719ms)
			ReleaseScriptCaches (3ms)
			RebuildScriptCaches (116ms)
			SetupLoadedEditorAssemblies (872ms)
				LogAssemblyErrors (0ms)
				InitializePlatformSupportModulesInManaged (59ms)
				SetLoadedEditorAssemblies (1ms)
				RefreshPlugins (1ms)
				BeforeProcessingInitializeOnLoad (139ms)
				ProcessInitializeOnLoadAttributes (580ms)
				ProcessInitializeOnLoadMethodAttributes (76ms)
				AfterProcessingInitializeOnLoad (15ms)
				EditorAssembliesLoaded (0ms)
			ExecutionOrderSort2 (0ms)
			AwakeInstancesAfterBackupRestoration (12ms)
Platform modules already initialized, skipping
Refreshing native plugins compatible for Editor in 3.99 ms, found 3 plugins.
Preloading 0 native plugins for Editor in 0.00 ms.
Unloading 3355 Unused Serialized files (Serialized files now loaded: 0)
Unloading 19 unused Assets / (79.5 KB). Loaded Objects now: 3822.
Memory consumption went from 115.7 MB to 115.6 MB.
Total: 6.898200 ms (FindLiveObjects: 0.425000 ms CreateObjectMapping: 0.203400 ms MarkObjects: 6.061600 ms  DeleteObjects: 0.205200 ms)

AssetImportParameters requested are different than current active one (requested -> active):
  custom:video-decoder-ogg-theora: a1e56fd34408186e4bbccfd4996cb3dc -> 
  custom:container-muxer-webm: aa71ff27fc2769a1b78a27578f13a17b -> 
  custom:container-demuxer-webm: 4f35f7cbe854078d1ac9338744f61a02 -> 
  custom:video-encoder-webm-vp8: eb34c28f22e8b96e1ab97ce403110664 -> 
  custom:audio-encoder-webm-vorbis: bf7c407c2cedff20999df2af8eb42d56 -> 
  custom:framework-win-MediaFoundation: 216162199b28c13a410421893ffa2e32 -> 
  custom:container-demuxer-ogg: 62fdf1f143b41e24485cea50d1cbac27 -> 
  custom:video-decoder-webm-vp8: 9c59270c3fd7afecdb556c50c9e8de78 -> 
  custom:audio-decoder-ogg-vorbis: bf7c407c2cedff20999df2af8eb42d56 -> 
========================================================================
Received Import Request.
  Time since last request: 23.934884 seconds.
  path: Assets/AltonGames/nature/Meshes/conifer.fbx
  artifactKey: Guid(9af81b3d12c23a9479dd074d9d07588f) Importer(815301076,1909f56bfc062723c751e8b465ee728b)
Start importing Assets/AltonGames/nature/Meshes/conifer.fbx using Guid(9af81b3d12c23a9479dd074d9d07588f) Importer(815301076,1909f56bfc062723c751e8b465ee728b)  -> (artifact id: 'f779a79e0d4537c5e5b749ee9e29ba6f') in 1.380901 seconds 
========================================================================
Received Import Request.
  Time since last request: 23.694424 seconds.
  path: Assets/AltonGames/nature/materials/appletree.mat
  artifactKey: Guid(1922ae72d3523094f8f5f319fbcca8c1) Importer(815301076,1909f56bfc062723c751e8b465ee728b)
Start importing Assets/AltonGames/nature/materials/appletree.mat using Guid(1922ae72d3523094f8f5f319fbcca8c1) Importer(815301076,1909f56bfc062723c751e8b465ee728b)  -> (artifact id: '2679cba7d00fde08b726728b8ec712b2') in 0.048510 seconds 
========================================================================
Received Import Request.
  Time since last request: 0.000027 seconds.
  path: Assets/AltonGames/nature/materials/mushroom.mat
  artifactKey: Guid(be7c0af6da4e96240a298dc935c8df4e) Importer(815301076,1909f56bfc062723c751e8b465ee728b)
Start importing Assets/AltonGames/nature/materials/mushroom.mat using Guid(be7c0af6da4e96240a298dc935c8df4e) Importer(815301076,1909f56bfc062723c751e8b465ee728b)  -> (artifact id: '3add3b6c8d28929c9babfe9b98fd692c') in 0.028206 seconds 
========================================================================
Received Import Request.
  Time since last request: 0.000021 seconds.
  path: Assets/AltonGames/nature/materials/maple.mat
  artifactKey: Guid(6d5932527fbe1e948b72f900751db8cb) Importer(815301076,1909f56bfc062723c751e8b465ee728b)
Start importing Assets/AltonGames/nature/materials/maple.mat using Guid(6d5932527fbe1e948b72f900751db8cb) Importer(815301076,1909f56bfc062723c751e8b465ee728b)  -> (artifact id: 'ef1551143f4a491784e875da6e586864') in 0.050170 seconds 
========================================================================
Received Import Request.
  Time since last request: 0.000021 seconds.
  path: Assets/AltonGames/nature/materials/grass.mat
  artifactKey: Guid(cda80e6e01f471d44be8847436781b5c) Importer(815301076,1909f56bfc062723c751e8b465ee728b)
Start importing Assets/AltonGames/nature/materials/grass.mat using Guid(cda80e6e01f471d44be8847436781b5c) Importer(815301076,1909f56bfc062723c751e8b465ee728b)  -> (artifact id: 'bc82faeeac597d984c822535f5c5fb72') in 0.025467 seconds 
========================================================================
Received Import Request.
  Time since last request: 0.000063 seconds.
  path: Assets/AltonGames/nature/materials/conifer.mat
  artifactKey: Guid(d96f983c3e48fe847aca3fd55da33996) Importer(815301076,1909f56bfc062723c751e8b465ee728b)
Start importing Assets/AltonGames/nature/materials/conifer.mat using Guid(d96f983c3e48fe847aca3fd55da33996) Importer(815301076,1909f56bfc062723c751e8b465ee728b)  -> (artifact id: 'c57af77cca807a1d32e1f383de7ece74') in 0.025070 seconds 
========================================================================
Received Import Request.
  Time since last request: 0.000024 seconds.
  path: Assets/AltonGames/nature/materials/maple 1.mat
  artifactKey: Guid(9cc3cf77334af1945afb2a8572ddabe4) Importer(815301076,1909f56bfc062723c751e8b465ee728b)
Start importing Assets/AltonGames/nature/materials/maple 1.mat using Guid(9cc3cf77334af1945afb2a8572ddabe4) Importer(815301076,1909f56bfc062723c751e8b465ee728b)  -> (artifact id: 'ff1d53e2b5c7498c5feee1303f5d9daf') in 0.041429 seconds 
========================================================================
Received Import Request.
  Time since last request: 0.000020 seconds.
  path: Assets/AltonGames/nature/materials/conifer1.mat
  artifactKey: Guid(2415ee7ecfe36874181ffd5305a5a495) Importer(815301076,1909f56bfc062723c751e8b465ee728b)
Start importing Assets/AltonGames/nature/materials/conifer1.mat using Guid(2415ee7ecfe36874181ffd5305a5a495) Importer(815301076,1909f56bfc062723c751e8b465ee728b)  -> (artifact id: '7e72d953e28f6d92bef4dc0f07712bf5') in 0.052388 seconds 
========================================================================
Received Import Request.
  Time since last request: 41.817138 seconds.
  path: Assets/Scenes/SampleScene.unity
  artifactKey: Guid(9fc0d4010bbf28b4594072e72b8655ab) Importer(815301076,1909f56bfc062723c751e8b465ee728b)
Start importing Assets/Scenes/SampleScene.unity using Guid(9fc0d4010bbf28b4594072e72b8655ab) Importer(815301076,1909f56bfc062723c751e8b465ee728b)  -> (artifact id: 'e55ccaa32d8e5c1de03c07a5412c8c3c') in 0.001355 seconds 
========================================================================
Received Import Request.
  Time since last request: 87.756210 seconds.
  path: Assets/Scenes/DEMO.unity
  artifactKey: Guid(b8b016a09e75a594fa039e3f95b4398d) Importer(815301076,1909f56bfc062723c751e8b465ee728b)
Start importing Assets/Scenes/DEMO.unity using Guid(b8b016a09e75a594fa039e3f95b4398d) Importer(815301076,1909f56bfc062723c751e8b465ee728b)  -> (artifact id: 'd90160313c79a2cf61f6ec8e18165f68') in 0.001097 seconds 
========================================================================
Received Prepare
Registering precompiled user dll's ...
Registered in 0.004418 seconds.
Begin MonoManager ReloadAssembly
Symbol file LoadedFromMemory doesn't match image D:\Unity Project\UAS FPS GAME\Library\PackageCache\com.unity.visualscripting@1.7.6\Editor\VisualScripting.Core\Dependencies\YamlDotNet\Unity.VisualScripting.YamlDotNet.dll
Symbol file LoadedFromMemory doesn't match image D:\Unity Project\UAS FPS GAME\Library\PackageCache\com.unity.visualscripting@1.7.6\Editor\VisualScripting.Core\Dependencies\DotNetZip\Unity.VisualScripting.IonicZip.dll
Native extension for WindowsStandalone target not found
Native extension for Android target not found
Refreshing native plugins compatible for Editor in 1.03 ms, found 3 plugins.
Preloading 0 native plugins for Editor in 0.00 ms.
Mono: successfully reloaded assembly
- Completed reload, in  2.970 seconds
Domain Reload Profiling:
	ReloadAssembly (2972ms)
		BeginReloadAssembly (308ms)
			ExecutionOrderSort (0ms)
			DisableScriptedObjects (9ms)
			BackupInstance (0ms)
			ReleaseScriptingObjects (0ms)
			CreateAndSetChildDomain (83ms)
		EndReloadAssembly (2407ms)
			LoadAssemblies (208ms)
			RebuildTransferFunctionScriptingTraits (0ms)
			SetupTypeCache (886ms)
			ReleaseScriptCaches (3ms)
			RebuildScriptCaches (135ms)
			SetupLoadedEditorAssemblies (1000ms)
				LogAssemblyErrors (0ms)
				InitializePlatformSupportModulesInManaged (54ms)
				SetLoadedEditorAssemblies (1ms)
				RefreshPlugins (1ms)
				BeforeProcessingInitializeOnLoad (233ms)
				ProcessInitializeOnLoadAttributes (616ms)
				ProcessInitializeOnLoadMethodAttributes (81ms)
				AfterProcessingInitializeOnLoad (12ms)
				EditorAssembliesLoaded (1ms)
			ExecutionOrderSort2 (0ms)
			AwakeInstancesAfterBackupRestoration (17ms)
Platform modules already initialized, skipping
Refreshing native plugins compatible for Editor in 4.12 ms, found 3 plugins.
Preloading 0 native plugins for Editor in 0.00 ms.
Unloading 3355 Unused Serialized files (Serialized files now loaded: 0)
Unloading 19 unused Assets / (79.3 KB). Loaded Objects now: 3867.
Memory consumption went from 120.4 MB to 120.3 MB.
Total: 5.975500 ms (FindLiveObjects: 0.379800 ms CreateObjectMapping: 0.238300 ms MarkObjects: 5.217900 ms  DeleteObjects: 0.137300 ms)

AssetImportParameters requested are different than current active one (requested -> active):
  custom:video-decoder-ogg-theora: a1e56fd34408186e4bbccfd4996cb3dc -> 
  custom:container-muxer-webm: aa71ff27fc2769a1b78a27578f13a17b -> 
  custom:container-demuxer-webm: 4f35f7cbe854078d1ac9338744f61a02 -> 
  custom:video-encoder-webm-vp8: eb34c28f22e8b96e1ab97ce403110664 -> 
  custom:audio-encoder-webm-vorbis: bf7c407c2cedff20999df2af8eb42d56 -> 
  custom:framework-win-MediaFoundation: 216162199b28c13a410421893ffa2e32 -> 
  custom:container-demuxer-ogg: 62fdf1f143b41e24485cea50d1cbac27 -> 
  custom:video-decoder-webm-vp8: 9c59270c3fd7afecdb556c50c9e8de78 -> 
  custom:audio-decoder-ogg-vorbis: bf7c407c2cedff20999df2af8eb42d56 -> 
========================================================================
Received Import Request.
  Time since last request: 301.586261 seconds.
  path: Assets/AltonGames/nature/materials
  artifactKey: Guid(4322b697a13674149af9f1e5ce7315ab) Importer(815301076,1909f56bfc062723c751e8b465ee728b)
Start importing Assets/AltonGames/nature/materials using Guid(4322b697a13674149af9f1e5ce7315ab) Importer(815301076,1909f56bfc062723c751e8b465ee728b)  -> (artifact id: 'c589fefc66219bdc34546dfcbb747bdb') in 0.008622 seconds 
========================================================================
Received Import Request.
  Time since last request: 3.518011 seconds.
  path: Assets/AltonGames/nature/Meshes
  artifactKey: Guid(3eb4be60434b1814bb265a48108ea9c3) Importer(815301076,1909f56bfc062723c751e8b465ee728b)
Start importing Assets/AltonGames/nature/Meshes using Guid(3eb4be60434b1814bb265a48108ea9c3) Importer(815301076,1909f56bfc062723c751e8b465ee728b)  -> (artifact id: 'f4cacb7d5f4baf68011ccf3287405df1') in 0.007704 seconds 
========================================================================
Received Import Request.
  Time since last request: 4.175391 seconds.
  path: Assets/AltonGames/nature/Textures
  artifactKey: Guid(cee4efd7a56ddd44992d502447345d3a) Importer(815301076,1909f56bfc062723c751e8b465ee728b)
Start importing Assets/AltonGames/nature/Textures using Guid(cee4efd7a56ddd44992d502447345d3a) Importer(815301076,1909f56bfc062723c751e8b465ee728b)  -> (artifact id: '51d63c1b3f3f0e615767e083bac89683') in 0.002612 seconds 
========================================================================
Received Import Request.
  Time since last request: 0.102959 seconds.
  path: Assets/AltonGames/nature/Textures/Atlas_Leaves_Autumn_Diffuse.png
  artifactKey: Guid(a9a1a39ea91a68c4ebfbf6f30438889b) Importer(815301076,1909f56bfc062723c751e8b465ee728b)
Start importing Assets/AltonGames/nature/Textures/Atlas_Leaves_Autumn_Diffuse.png using Guid(a9a1a39ea91a68c4ebfbf6f30438889b) Importer(815301076,1909f56bfc062723c751e8b465ee728b)  -> (artifact id: '8f2e6c6fc1d7b8c911c3e260428b46db') in 0.096110 seconds 
========================================================================
Received Import Request.
  Time since last request: 0.000031 seconds.
  path: Assets/AltonGames/nature/Textures/Bark_Ivy_Assets_Diffuse.png
  artifactKey: Guid(02e40835c185e704cb9423491b0c44cd) Importer(815301076,1909f56bfc062723c751e8b465ee728b)
Start importing Assets/AltonGames/nature/Textures/Bark_Ivy_Assets_Diffuse.png using Guid(02e40835c185e704cb9423491b0c44cd) Importer(815301076,1909f56bfc062723c751e8b465ee728b)  -> (artifact id: 'ede86927e6e3d868385c1a12a07df76c') in 0.028976 seconds 
========================================================================
Received Import Request.
  Time since last request: 0.000024 seconds.
  path: Assets/AltonGames/nature/Textures/Weeds_Normal.png
  artifactKey: Guid(8fe8a22c43a7e4b4e93b0c1c4dfaa91f) Importer(815301076,1909f56bfc062723c751e8b465ee728b)
Start importing Assets/AltonGames/nature/Textures/Weeds_Normal.png using Guid(8fe8a22c43a7e4b4e93b0c1c4dfaa91f) Importer(815301076,1909f56bfc062723c751e8b465ee728b)  -> (artifact id: 'fe2941531b61afdad3e5807bdf570ddd') in 0.034137 seconds 
========================================================================
Received Import Request.
  Time since last request: 0.000018 seconds.
  path: Assets/AltonGames/nature/Textures/Leaf_Aesculus-hippocastanum_Diffuse.png
  artifactKey: Guid(a0db31b62c8c20446ab968db3e19abe6) Importer(815301076,1909f56bfc062723c751e8b465ee728b)
Start importing Assets/AltonGames/nature/Textures/Leaf_Aesculus-hippocastanum_Diffuse.png using Guid(a0db31b62c8c20446ab968db3e19abe6) Importer(815301076,1909f56bfc062723c751e8b465ee728b)  -> (artifact id: '49506c74c2ccdb3a8f4c25bc84fc0ca0') in 0.025298 seconds 
========================================================================
Received Import Request.
  Time since last request: 0.000042 seconds.
  path: Assets/AltonGames/nature/Textures/Leaf_Abies-concolor_Normal.png
  artifactKey: Guid(6f5403d5ab617c84585324df24437135) Importer(815301076,1909f56bfc062723c751e8b465ee728b)
Start importing Assets/AltonGames/nature/Textures/Leaf_Abies-concolor_Normal.png using Guid(6f5403d5ab617c84585324df24437135) Importer(815301076,1909f56bfc062723c751e8b465ee728b)  -> (artifact id: '9d1d0af10c814dcb863392797234ca7b') in 0.014447 seconds 
========================================================================
Received Import Request.
  Time since last request: 0.000019 seconds.
  path: Assets/AltonGames/nature/Textures/Bark_Robinia-pseudoacacia_Normal.png
  artifactKey: Guid(0510deed60091fe4291d6751e879ad3b) Importer(815301076,1909f56bfc062723c751e8b465ee728b)
Start importing Assets/AltonGames/nature/Textures/Bark_Robinia-pseudoacacia_Normal.png using Guid(0510deed60091fe4291d6751e879ad3b) Importer(815301076,1909f56bfc062723c751e8b465ee728b)  -> (artifact id: 'f791fd72ffe1684d656081c73cc73e67') in 0.021498 seconds 
========================================================================
Received Import Request.
  Time since last request: 0.000063 seconds.
  path: Assets/AltonGames/nature/Textures/Weeds_Diffuse.png
  artifactKey: Guid(44fe283987b6fad45a9c38f532397239) Importer(815301076,1909f56bfc062723c751e8b465ee728b)
Start importing Assets/AltonGames/nature/Textures/Weeds_Diffuse.png using Guid(44fe283987b6fad45a9c38f532397239) Importer(815301076,1909f56bfc062723c751e8b465ee728b)  -> (artifact id: '90627e28d46257ea05065cda28704279') in 0.022106 seconds 
========================================================================
Received Import Request.
  Time since last request: 0.000052 seconds.
  path: Assets/AltonGames/nature/Textures/Bark_Malus-domestica_Diffuse.png
  artifactKey: Guid(9a8be12383594ad4eb34dfa56e2ab40a) Importer(815301076,1909f56bfc062723c751e8b465ee728b)
Start importing Assets/AltonGames/nature/Textures/Bark_Malus-domestica_Diffuse.png using Guid(9a8be12383594ad4eb34dfa56e2ab40a) Importer(815301076,1909f56bfc062723c751e8b465ee728b)  -> (artifact id: '944a6dcd5152668f6211c62b0e4cbe96') in 0.017468 seconds 
========================================================================
Received Import Request.
  Time since last request: 0.000027 seconds.
  path: Assets/AltonGames/nature/Textures/Flower_Sunflower_Diffuse.png
  artifactKey: Guid(ac43a86637a8cd74f9f834e7cbd4f3cb) Importer(815301076,1909f56bfc062723c751e8b465ee728b)
Start importing Assets/AltonGames/nature/Textures/Flower_Sunflower_Diffuse.png using Guid(ac43a86637a8cd74f9f834e7cbd4f3cb) Importer(815301076,1909f56bfc062723c751e8b465ee728b)  -> (artifact id: '34877a9b124781e411321e07569c59ed') in 0.023375 seconds 
========================================================================
Received Import Request.
  Time since last request: 0.000058 seconds.
  path: Assets/AltonGames/nature/Textures/Flowers_Diffuse.png
  artifactKey: Guid(859b4c8bd9f42dd46bc9626c33c8ebce) Importer(815301076,1909f56bfc062723c751e8b465ee728b)
Start importing Assets/AltonGames/nature/Textures/Flowers_Diffuse.png using Guid(859b4c8bd9f42dd46bc9626c33c8ebce) Importer(815301076,1909f56bfc062723c751e8b465ee728b)  -> (artifact id: '964d5e42fe39f337d855e98396cb0828') in 0.027436 seconds 
========================================================================
Received Import Request.
  Time since last request: 0.000031 seconds.
  path: Assets/AltonGames/nature/Textures/Bark_Acer-pseudoplatanus_Diffuse.png
  artifactKey: Guid(9bf05340d40705c4e855c985e01b0983) Importer(815301076,1909f56bfc062723c751e8b465ee728b)
Start importing Assets/AltonGames/nature/Textures/Bark_Acer-pseudoplatanus_Diffuse.png using Guid(9bf05340d40705c4e855c985e01b0983) Importer(815301076,1909f56bfc062723c751e8b465ee728b)  -> (artifact id: '8a2ef538037385afd0e60272ed08473f') in 0.015068 seconds 
========================================================================
Received Import Request.
  Time since last request: 0.000024 seconds.
  path: Assets/AltonGames/nature/Textures/Bark_Tilia-europaea_Normal.png
  artifactKey: Guid(b220733a830abba4eb667adc52da4c6b) Importer(815301076,1909f56bfc062723c751e8b465ee728b)
Start importing Assets/AltonGames/nature/Textures/Bark_Tilia-europaea_Normal.png using Guid(b220733a830abba4eb667adc52da4c6b) Importer(815301076,1909f56bfc062723c751e8b465ee728b)  -> (artifact id: '8d10753c24f233a432b3f0a4cd3442d1') in 0.023327 seconds 
========================================================================
Received Import Request.
  Time since last request: 0.000030 seconds.
  path: Assets/AltonGames/nature/Textures/Bark_Ivy_Assets_Normal.png
  artifactKey: Guid(a67c0be596ed5044eaae5506c9f061cb) Importer(815301076,1909f56bfc062723c751e8b465ee728b)
Start importing Assets/AltonGames/nature/Textures/Bark_Ivy_Assets_Normal.png using Guid(a67c0be596ed5044eaae5506c9f061cb) Importer(815301076,1909f56bfc062723c751e8b465ee728b)  -> (artifact id: '3845cc1e7194244aab2474b2eb73d912') in 0.018954 seconds 
========================================================================
Received Import Request.
  Time since last request: 0.000427 seconds.
  path: Assets/AltonGames/nature/Textures/Leaf_Robinia-pseudoacacia_Diffuse.png
  artifactKey: Guid(f4a6950d2bab3864fab4c05fdb97cf89) Importer(815301076,1909f56bfc062723c751e8b465ee728b)
Start importing Assets/AltonGames/nature/Textures/Leaf_Robinia-pseudoacacia_Diffuse.png using Guid(f4a6950d2bab3864fab4c05fdb97cf89) Importer(815301076,1909f56bfc062723c751e8b465ee728b)  -> (artifact id: 'a34618c94944dfde2d9c4c3ce8274dd7') in 0.019071 seconds 
========================================================================
Received Import Request.
  Time since last request: 0.000028 seconds.
  path: Assets/AltonGames/nature/Textures/Bark_Robinia-pseudoacacia_Diffuse.png
  artifactKey: Guid(e37aa030a28956542bd35e47b3cb33dd) Importer(815301076,1909f56bfc062723c751e8b465ee728b)
Start importing Assets/AltonGames/nature/Textures/Bark_Robinia-pseudoacacia_Diffuse.png using Guid(e37aa030a28956542bd35e47b3cb33dd) Importer(815301076,1909f56bfc062723c751e8b465ee728b)  -> (artifact id: 'bb081fdebbf5b3c2756c1915a16bdb74') in 0.023430 seconds 
========================================================================
Received Import Request.
  Time since last request: 14.940933 seconds.
  path: Assets/AltonGames/nature/Prefabs
  artifactKey: Guid(e61865c9b0df8c540a87f53c7762b4f2) Importer(815301076,1909f56bfc062723c751e8b465ee728b)
Start importing Assets/AltonGames/nature/Prefabs using Guid(e61865c9b0df8c540a87f53c7762b4f2) Importer(815301076,1909f56bfc062723c751e8b465ee728b)  -> (artifact id: '353f7d6a171ad673ec5c88b48a63d2b0') in 0.002318 seconds 
========================================================================
Received Import Request.
  Time since last request: 0.066017 seconds.
  path: Assets/AltonGames/nature/Prefabs/apple.prefab
  artifactKey: Guid(9c05098f98a625e4dafae595aac686f2) Importer(815301076,1909f56bfc062723c751e8b465ee728b)
Start importing Assets/AltonGames/nature/Prefabs/apple.prefab using Guid(9c05098f98a625e4dafae595aac686f2) Importer(815301076,1909f56bfc062723c751e8b465ee728b)  -> (artifact id: 'a970602dc126c999e44d42454ea443a3') in 0.116635 seconds 
========================================================================
Received Import Request.
  Time since last request: 0.000056 seconds.
  path: Assets/AltonGames/nature/Prefabs/maple.prefab
  artifactKey: Guid(28f58ca6c0a7a47458f8570db994bd9d) Importer(815301076,1909f56bfc062723c751e8b465ee728b)
Start importing Assets/AltonGames/nature/Prefabs/maple.prefab using Guid(28f58ca6c0a7a47458f8570db994bd9d) Importer(815301076,1909f56bfc062723c751e8b465ee728b)  -> (artifact id: 'c60bdd0c1c6bbb41c6dbd7ce5be0ef86') in 0.077723 seconds 
========================================================================
Received Import Request.
  Time since last request: 0.000033 seconds.
  path: Assets/AltonGames/nature/Prefabs/lucious tree.prefab
  artifactKey: Guid(3a880605004e0504b99b47798b153f5f) Importer(815301076,1909f56bfc062723c751e8b465ee728b)
Start importing Assets/AltonGames/nature/Prefabs/lucious tree.prefab using Guid(3a880605004e0504b99b47798b153f5f) Importer(815301076,1909f56bfc062723c751e8b465ee728b)  -> (artifact id: 'bc93b2edb61c1a718c8dbbf2acd74026') in 0.116456 seconds 
========================================================================
Received Import Request.
  Time since last request: 46.869207 seconds.
  path: Assets/AltonGames/nature/materials/Leaf_Abies-concolor_Diffuse.mat
  artifactKey: Guid(ae5f775590b48fc48b828f596ba7c7d6) Importer(815301076,1909f56bfc062723c751e8b465ee728b)
Start importing Assets/AltonGames/nature/materials/Leaf_Abies-concolor_Diffuse.mat using Guid(ae5f775590b48fc48b828f596ba7c7d6) Importer(815301076,1909f56bfc062723c751e8b465ee728b)  -> (artifact id: '509f8ab7346c3c12aaf363534ecfd881') in 0.053475 seconds 
========================================================================
Received Import Request.
  Time since last request: 0.000030 seconds.
  path: Assets/AltonGames/nature/materials/Wood_Spruce_Knots_Diffuse_mqt_2048.mat
  artifactKey: Guid(2a99eedf4b21ae041924ab3a2a76826d) Importer(815301076,1909f56bfc062723c751e8b465ee728b)
Start importing Assets/AltonGames/nature/materials/Wood_Spruce_Knots_Diffuse_mqt_2048.mat using Guid(2a99eedf4b21ae041924ab3a2a76826d) Importer(815301076,1909f56bfc062723c751e8b465ee728b)  -> (artifact id: '98ac117356ed980b5ce6cf8bd77935ca') in 0.028567 seconds 
========================================================================
Received Import Request.
  Time since last request: 1.156168 seconds.
  path: Assets/AltonGames/nature/materials/Atlas_Leaves_Autumn_Diffuse.mat
  artifactKey: Guid(46a2eda13374db64389cff37af6e49f1) Importer(815301076,1909f56bfc062723c751e8b465ee728b)
Start importing Assets/AltonGames/nature/materials/Atlas_Leaves_Autumn_Diffuse.mat using Guid(46a2eda13374db64389cff37af6e49f1) Importer(815301076,1909f56bfc062723c751e8b465ee728b)  -> (artifact id: '269859e188546a47080ca3e7b3ab82f2') in 0.022134 seconds 
========================================================================
Received Import Request.
  Time since last request: 51.425429 seconds.
  path: Assets/Scenes/SampleScene.unity
  artifactKey: Guid(9fc0d4010bbf28b4594072e72b8655ab) Importer(815301076,1909f56bfc062723c751e8b465ee728b)
Start importing Assets/Scenes/SampleScene.unity using Guid(9fc0d4010bbf28b4594072e72b8655ab) Importer(815301076,1909f56bfc062723c751e8b465ee728b)  -> (artifact id: 'f6a08fb04ff1d3ea27c3d9c52effaf7d') in 0.001125 seconds 
========================================================================
Received Import Request.
  Time since last request: 403.551326 seconds.
  path: Assets/Supercyan Free Forest Sample
  artifactKey: Guid(9a82d6ad736a9324aa8aca5acc27a7ec) Importer(815301076,1909f56bfc062723c751e8b465ee728b)
Start importing Assets/Supercyan Free Forest Sample using Guid(9a82d6ad736a9324aa8aca5acc27a7ec) Importer(815301076,1909f56bfc062723c751e8b465ee728b)  -> (artifact id: 'ca0fbe4a49adbc291175066a382493bc') in 0.003721 seconds 
========================================================================
Received Import Request.
  Time since last request: 1.988210 seconds.
  path: Assets/Supercyan Free Forest Sample/Environment Pack Free Forest Sample Readme v1.0.pdf
  artifactKey: Guid(b38226f7ff89304488651878bbf65734) Importer(815301076,1909f56bfc062723c751e8b465ee728b)
Start importing Assets/Supercyan Free Forest Sample/Environment Pack Free Forest Sample Readme v1.0.pdf using Guid(b38226f7ff89304488651878bbf65734) Importer(815301076,1909f56bfc062723c751e8b465ee728b)  -> (artifact id: 'ca54b1469fd95abeeaff2479db296adc') in 0.015321 seconds 
========================================================================
Received Import Request.
  Time since last request: 23.344259 seconds.
  path: Assets/Supercyan Free Forest Sample/Scenes/BrightDay/LightingData.asset
  artifactKey: Guid(22ef63684cccf564ab931c177f255b19) Importer(815301076,1909f56bfc062723c751e8b465ee728b)
Start importing Assets/Supercyan Free Forest Sample/Scenes/BrightDay/LightingData.asset using Guid(22ef63684cccf564ab931c177f255b19) Importer(815301076,1909f56bfc062723c751e8b465ee728b) Lighting data asset ‘LightingData’ is incompatible with the current Unity version because the scene it was baked for was not serialized. Please use Generate Lighting to rebuild the lighting data, or assign the target scene to the Lighting Data Asset in the inspector.
 -> (artifact id: '6dd4c610fe75e4c12f370344f8320e16') in 0.010348 seconds 
========================================================================
Received Import Request.
  Time since last request: 4.296442 seconds.
  path: Assets/Supercyan Free Forest Sample/Scenes/MoodyNight
  artifactKey: Guid(36aabe72e2b2a3e4abf8f2e8906e9e5f) Importer(815301076,1909f56bfc062723c751e8b465ee728b)
Start importing Assets/Supercyan Free Forest Sample/Scenes/MoodyNight using Guid(36aabe72e2b2a3e4abf8f2e8906e9e5f) Importer(815301076,1909f56bfc062723c751e8b465ee728b)  -> (artifact id: '77b0ba2d56cf8c980679ab04ea71c219') in 0.005228 seconds 
========================================================================
Received Import Request.
  Time since last request: 0.200870 seconds.
  path: Assets/Supercyan Free Forest Sample/Scenes/MoodyNight/LightingData.asset
  artifactKey: Guid(83359cfa09ec3a8409e5abf8de7fa62d) Importer(815301076,1909f56bfc062723c751e8b465ee728b)
Start importing Assets/Supercyan Free Forest Sample/Scenes/MoodyNight/LightingData.asset using Guid(83359cfa09ec3a8409e5abf8de7fa62d) Importer(815301076,1909f56bfc062723c751e8b465ee728b) Lighting data asset ‘LightingData’ is incompatible with the current Unity version because the scene it was baked for was not serialized. Please use Generate Lighting to rebuild the lighting data, or assign the target scene to the Lighting Data Asset in the inspector.
 -> (artifact id: '486b5b6d8f2ff559898b35c1369130cd') in 0.001883 seconds 
========================================================================
Received Import Request.
  Time since last request: 10.892585 seconds.
  path: Assets/Supercyan Free Forest Sample/Scenes/MoodyNight.unity
  artifactKey: Guid(6c5afed758d9dde4d96232ce7a139e63) Importer(815301076,1909f56bfc062723c751e8b465ee728b)
Start importing Assets/Supercyan Free Forest Sample/Scenes/MoodyNight.unity using Guid(6c5afed758d9dde4d96232ce7a139e63) Importer(815301076,1909f56bfc062723c751e8b465ee728b)  -> (artifact id: 'c3ea023a459ab2d6d4a9cfbd01d38416') in 0.002398 seconds 
========================================================================
Received Import Request.
  Time since last request: 15.154435 seconds.
  path: Assets/Supercyan Free Forest Sample/Scenes/BrightDay.unity
  artifactKey: Guid(106025b4713992744bb2e8999d6a3608) Importer(815301076,1909f56bfc062723c751e8b465ee728b)
Start importing Assets/Supercyan Free Forest Sample/Scenes/BrightDay.unity using Guid(106025b4713992744bb2e8999d6a3608) Importer(815301076,1909f56bfc062723c751e8b465ee728b)  -> (artifact id: 'fe46131f453a0fdfa477794baab32788') in 0.009453 seconds 
========================================================================
Received Import Request.
  Time since last request: 21.116877 seconds.
  path: Assets/Supercyan Free Forest Sample/Scenes/BrightDay
  artifactKey: Guid(991fe8d2d97844146b65a782ac70ce28) Importer(815301076,1909f56bfc062723c751e8b465ee728b)
Start importing Assets/Supercyan Free Forest Sample/Scenes/BrightDay using Guid(991fe8d2d97844146b65a782ac70ce28) Importer(815301076,1909f56bfc062723c751e8b465ee728b)  -> (artifact id: '83288da29031111a0ee98f5cf2f7b78d') in 0.001045 seconds 
========================================================================
Received Prepare
Registering precompiled user dll's ...
Registered in 0.002785 seconds.
Begin MonoManager ReloadAssembly
Symbol file LoadedFromMemory doesn't match image D:\Unity Project\UAS FPS GAME\Library\PackageCache\com.unity.visualscripting@1.7.6\Editor\VisualScripting.Core\Dependencies\YamlDotNet\Unity.VisualScripting.YamlDotNet.dll
Symbol file LoadedFromMemory doesn't match image D:\Unity Project\UAS FPS GAME\Library\PackageCache\com.unity.visualscripting@1.7.6\Editor\VisualScripting.Core\Dependencies\DotNetZip\Unity.VisualScripting.IonicZip.dll
Native extension for WindowsStandalone target not found
Native extension for Android target not found
Refreshing native plugins compatible for Editor in 0.80 ms, found 3 plugins.
Preloading 0 native plugins for Editor in 0.00 ms.
Mono: successfully reloaded assembly
- Completed reload, in  1.476 seconds
Domain Reload Profiling:
	ReloadAssembly (1478ms)
		BeginReloadAssembly (206ms)
			ExecutionOrderSort (0ms)
			DisableScriptedObjects (5ms)
			BackupInstance (0ms)
			ReleaseScriptingObjects (0ms)
			CreateAndSetChildDomain (78ms)
		EndReloadAssembly (1134ms)
			LoadAssemblies (117ms)
			RebuildTransferFunctionScriptingTraits (0ms)
			SetupTypeCache (446ms)
			ReleaseScriptCaches (2ms)
			RebuildScriptCaches (65ms)
			SetupLoadedEditorAssemblies (442ms)
				LogAssemblyErrors (0ms)
				InitializePlatformSupportModulesInManaged (27ms)
				SetLoadedEditorAssemblies (1ms)
				RefreshPlugins (1ms)
				BeforeProcessingInitializeOnLoad (84ms)
				ProcessInitializeOnLoadAttributes (283ms)
				ProcessInitializeOnLoadMethodAttributes (39ms)
				AfterProcessingInitializeOnLoad (7ms)
				EditorAssembliesLoaded (0ms)
			ExecutionOrderSort2 (0ms)
			AwakeInstancesAfterBackupRestoration (9ms)
Platform modules already initialized, skipping
Refreshing native plugins compatible for Editor in 1.55 ms, found 3 plugins.
Preloading 0 native plugins for Editor in 0.00 ms.
Unloading 3358 Unused Serialized files (Serialized files now loaded: 0)
Unloading 21 unused Assets / (0.8 MB). Loaded Objects now: 3876.
Memory consumption went from 122.1 MB to 121.2 MB.
Total: 6.316300 ms (FindLiveObjects: 0.697400 ms CreateObjectMapping: 0.416900 ms MarkObjects: 4.573100 ms  DeleteObjects: 0.625300 ms)

AssetImportParameters requested are different than current active one (requested -> active):
  custom:video-decoder-ogg-theora: a1e56fd34408186e4bbccfd4996cb3dc -> 
  custom:container-muxer-webm: aa71ff27fc2769a1b78a27578f13a17b -> 
  custom:container-demuxer-webm: 4f35f7cbe854078d1ac9338744f61a02 -> 
  custom:video-encoder-webm-vp8: eb34c28f22e8b96e1ab97ce403110664 -> 
  custom:audio-encoder-webm-vorbis: bf7c407c2cedff20999df2af8eb42d56 -> 
  custom:framework-win-MediaFoundation: 216162199b28c13a410421893ffa2e32 -> 
  custom:container-demuxer-ogg: 62fdf1f143b41e24485cea50d1cbac27 -> 
  custom:video-decoder-webm-vp8: 9c59270c3fd7afecdb556c50c9e8de78 -> 
  custom:audio-decoder-ogg-vorbis: bf7c407c2cedff20999df2af8eb42d56 -> 
========================================================================
Received Import Request.
  Time since last request: 81.868089 seconds.
  path: Assets/Supercyan Free Forest Sample/Materials/High Quality
  artifactKey: Guid(586f14ae3538f11478b8dd5d23f10776) Importer(815301076,1909f56bfc062723c751e8b465ee728b)
Start importing Assets/Supercyan Free Forest Sample/Materials/High Quality using Guid(586f14ae3538f11478b8dd5d23f10776) Importer(815301076,1909f56bfc062723c751e8b465ee728b)  -> (artifact id: '0f71a042aa5bafcbdc81094a01bd5da9') in 0.014951 seconds 
========================================================================
Received Import Request.
  Time since last request: 2.075668 seconds.
  path: Assets/Supercyan Free Forest Sample/Materials/High Quality/Tree
  artifactKey: Guid(a8785ec64de93ef4b8242cfa6e841d7a) Importer(815301076,1909f56bfc062723c751e8b465ee728b)
Start importing Assets/Supercyan Free Forest Sample/Materials/High Quality/Tree using Guid(a8785ec64de93ef4b8242cfa6e841d7a) Importer(815301076,1909f56bfc062723c751e8b465ee728b)  -> (artifact id: 'f15a99b8392a3e1947c1dfef1b9f92db') in 0.000937 seconds 
========================================================================
Received Import Request.
  Time since last request: 0.052186 seconds.
  path: Assets/Supercyan Free Forest Sample/Materials/High Quality/Tree/forestpack_tree_fir.mat
  artifactKey: Guid(eaced99e50210cd40ac0719cae139991) Importer(815301076,1909f56bfc062723c751e8b465ee728b)
Start importing Assets/Supercyan Free Forest Sample/Materials/High Quality/Tree/forestpack_tree_fir.mat using Guid(eaced99e50210cd40ac0719cae139991) Importer(815301076,1909f56bfc062723c751e8b465ee728b)  -> (artifact id: 'edaaf02c8c41044fe7bcb8fd2a229cd2') in 0.210598 seconds 
========================================================================
Received Import Request.
  Time since last request: 0.000040 seconds.
  path: Assets/Supercyan Free Forest Sample/Materials/High Quality/Tree/forestpack_treeStumpAndRoot.mat
  artifactKey: Guid(a6f54caceb604a14084e7ff2ee0af531) Importer(815301076,1909f56bfc062723c751e8b465ee728b)
Start importing Assets/Supercyan Free Forest Sample/Materials/High Quality/Tree/forestpack_treeStumpAndRoot.mat using Guid(a6f54caceb604a14084e7ff2ee0af531) Importer(815301076,1909f56bfc062723c751e8b465ee728b)  -> (artifact id: '8b1dbbe95a43e7d29fe07e97465e849c') in 0.027123 seconds 
========================================================================
Received Import Request.
  Time since last request: 365.920749 seconds.
  path: Assets/Supercyan Free Forest Sample/Terrains/DemoTerrain.asset
  artifactKey: Guid(9fd0999bcdb5b874882e73d08ff0d45d) Importer(815301076,1909f56bfc062723c751e8b465ee728b)
Start importing Assets/Supercyan Free Forest Sample/Terrains/DemoTerrain.asset using Guid(9fd0999bcdb5b874882e73d08ff0d45d) Importer(815301076,1909f56bfc062723c751e8b465ee728b)  -> (artifact id: 'f7246910feb7f42f59793d681febb6a6') in 0.109241 seconds 
